<?xml version="1.0" encoding="UTF-8"?>
<!-- Generated by org.testng.reporters.JUnitReportReporter -->
<testsuite hostname="yashgoy02-mac" failures="0" tests="1" name="com.nba.tests.core.MensButtonCheck" time="11.404" errors="0" timestamp="2025-10-26T00:23:37 IST" skipped="0">
  <testcase classname="com.nba.tests.core.MensButtonCheck" name="checkMensButton" time="11.404"/>
</testsuite> <!-- com.nba.tests.core.MensButtonCheck -->
